Flutter crash report.
Please report a bug at https://github.com/flutter/flutter/issues.

## command

flutter assemble --no-version-check --output=/Users/msafwat/Library/Developer/Xcode/DerivedData/Runner-glxmclhgjmdwbvbghshjejvrvsbj/Build/Products/Debug-iphonesimulator/ -dTargetPlatform=ios -dTargetFile=/Users/msafwat/Documents/Interface/MOI-Code/flutter-moi/lib/main.dart -dBuildMode=debug -dIosArchs=x86_64 -dSdkRoot=/Applications/Xcode.app/Contents/Developer/Platforms/iPhoneSimulator.platform/Developer/SDKs/iPhoneSimulator14.4.sdk -dSplitDebugInfo= -dTreeShakeIcons=false -dTrackWidgetCreation=true -dDartObfuscation=false -dEnableBitcode= --ExtraGenSnapshotOptions= --DartDefines=flutter.inspector.structuredErrors%3Dtrue --ExtraFrontEndOptions= debug_ios_bundle_flutter_assets

## exception

FormatException: FormatException: Invalid character (at character 8)
flutter.inspector.structuredErrors%3Dtrue
       ^


```
#0      _Base64Decoder.decodeChunk (dart:convert/base64.dart:695:7)
#1      _Base64Decoder.decode (dart:convert/base64.dart:619:14)
#2      Base64Decoder.convert (dart:convert/base64.dart:499:26)
#3      _FusedConverter.convert (dart:convert/converter.dart:67:48)
#4      MappedListIterable.elementAt (dart:_internal/iterable.dart:412:31)
#5      ListIterator.moveNext (dart:_internal/iterable.dart:341:26)
#6      CastIterator.moveNext (dart:_internal/cast.dart:61:30)
#7      new _GrowableList._ofEfficientLengthIterable (dart:core-patch/growable_array.dart:188:27)
#8      new _GrowableList.of (dart:core-patch/growable_array.dart:150:28)
#9      new List.of (dart:core-patch/array_patch.dart:50:28)
#10     Iterable.toList (dart:core/iterable.dart:366:12)
#11     decodeDartDefines (package:flutter_tools/src/build_info.dart:822:6)
#12     AssembleCommand.runCommand (package:flutter_tools/src/commands/assemble.dart:274:41)
#13     FlutterCommand.verifyThenRunCommand (package:flutter_tools/src/runner/flutter_command.dart:1186:12)
<asynchronous suspension>
#14     FlutterCommand.run.<anonymous closure> (package:flutter_tools/src/runner/flutter_command.dart:1037:27)
<asynchronous suspension>
#15     AppContext.run.<anonymous closure> (package:flutter_tools/src/base/context.dart:152:19)
<asynchronous suspension>
#16     CommandRunner.runCommand (package:args/command_runner.dart:197:13)
<asynchronous suspension>
#17     FlutterCommandRunner.runCommand.<anonymous closure> (package:flutter_tools/src/runner/flutter_command_runner.dart:283:9)
<asynchronous suspension>
#18     AppContext.run.<anonymous closure> (package:flutter_tools/src/base/context.dart:152:19)
<asynchronous suspension>
#19     FlutterCommandRunner.runCommand (package:flutter_tools/src/runner/flutter_command_runner.dart:239:5)
<asynchronous suspension>
#20     run.<anonymous closure>.<anonymous closure> (package:flutter_tools/runner.dart:62:9)
<asynchronous suspension>
#21     AppContext.run.<anonymous closure> (package:flutter_tools/src/base/context.dart:152:19)
<asynchronous suspension>
#22     main (package:flutter_tools/executable.dart:92:3)
<asynchronous suspension>
```

## flutter doctor

```
[✓] Flutter (Channel dev, 2.1.0-12.1.pre, on macOS 11.2.3 20D91 darwin-x64, locale en-AE)
    • Flutter version 2.1.0-12.1.pre at /Users/msafwat/flutter
    • Framework revision 8264cb3e8a (4 weeks ago), 2021-03-10 12:37:57 -0800
    • Engine revision 711ab3fda0
    • Dart version 2.13.0 (build 2.13.0-116.0.dev)

[✓] Android toolchain - develop for Android devices (Android SDK version 29.0.3)
    • Android SDK at /Users/msafwat/Library/Android/sdk
    • Platform android-29, build-tools 29.0.3
    • Java binary at: /Applications/Android Studio.app/Contents/jre/jdk/Contents/Home/bin/java
    • Java version OpenJDK Runtime Environment (build 1.8.0_242-release-1644-b3-6222593)
    • All Android licenses accepted.

[✓] Xcode - develop for iOS and macOS
    • Xcode at /Applications/Xcode.app/Contents/Developer
    • Xcode 12.4, Build version 12D4e
    • CocoaPods version 1.10.0.rc.1

[✓] Chrome - develop for the web
    • Chrome at /Applications/Google Chrome.app/Contents/MacOS/Google Chrome

[✓] Android Studio (version 4.1)
    • Android Studio at /Applications/Android Studio.app/Contents
    • Flutter plugin can be installed from:
      🔨 https://plugins.jetbrains.com/plugin/9212-flutter
    • Dart plugin can be installed from:
      🔨 https://plugins.jetbrains.com/plugin/6351-dart
    • Java version OpenJDK Runtime Environment (build 1.8.0_242-release-1644-b3-6222593)

[✓] VS Code (version 1.54.3)
    • VS Code at /Applications/Visual Studio Code.app/Contents
    • Flutter extension version 3.19.0

[✓] Connected device (1 available)
    • Chrome (web) • chrome • web-javascript • Google Chrome 89.0.4389.114

• No issues found!
```
